This is pdfTeX, Version 3.1415926-2.5-1.40.14 (TeX Live 2013/Debian) (format=pdflatex 2016.2.1)  5 JUN 2016 22:24
entering extended mode
 restricted \write18 enabled.
 %&-line parsing enabled.
**Ejemplo.tex
(./Ejemplo.tex
LaTeX2e <2011/06/27>
Babel <3.9h> and hyphenation patterns for 78 languages loaded.
(./styles/IEEEtran.cls

LaTeX Warning: You have requested document class `styles/IEEEtran',
               but the document class provides `IEEEtran'.

Document Class: IEEEtran 2014/09/17 V1.8a by Michael Shell
-- See the "IEEEtran_HOWTO" manual for usage information.
-- http://www.michaelshell.org/tex/ieeetran/
\@IEEEtrantmpdimenA=\dimen102
\@IEEEtrantmpdimenB=\dimen103
\@IEEEtrantmpdimenC=\dimen104
\@IEEEtrantmpcountA=\count79
\@IEEEtrantmpcountB=\count80
\@IEEEtrantmpcountC=\count81
\@IEEEtrantmptoksA=\toks14
-- Using IEEE Computer Society mode.
LaTeX Font Info:    Try loading font information for OT1+ppl on input line 458.

(/usr/share/texlive/texmf-dist/tex/latex/psnfss/ot1ppl.fd
File: ot1ppl.fd 2001/06/04 font definitions for OT1/ppl.
)
-- Using 8.5in x 11in (letter) paper.
-- Using PDF output.
\@IEEEnormalsizeunitybaselineskip=\dimen105
-- This is a 10 point document.
\CLASSINFOnormalsizebaselineskip=\dimen106
\CLASSINFOnormalsizeunitybaselineskip=\dimen107
\IEEEnormaljot=\dimen108
LaTeX Font Info:    Font shape `OT1/ppl/bx/n' in size <5.01874> not available
(Font)              Font shape `OT1/ppl/b/n' tried instead on input line 1039.
LaTeX Font Info:    Font shape `OT1/ppl/bx/it' in size <5.01874> not available
(Font)              Font shape `OT1/ppl/b/it' tried instead on input line 1039.

LaTeX Font Info:    Font shape `OT1/ppl/bx/n' in size <7.02625> not available
(Font)              Font shape `OT1/ppl/b/n' tried instead on input line 1039.
LaTeX Font Info:    Font shape `OT1/ppl/bx/it' in size <7.02625> not available
(Font)              Font shape `OT1/ppl/b/it' tried instead on input line 1039.

LaTeX Font Info:    Font shape `OT1/ppl/bx/n' in size <8.03> not available
(Font)              Font shape `OT1/ppl/b/n' tried instead on input line 1039.
LaTeX Font Info:    Font shape `OT1/ppl/bx/it' in size <8.03> not available
(Font)              Font shape `OT1/ppl/b/it' tried instead on input line 1039.

LaTeX Font Info:    Font shape `OT1/ppl/bx/n' in size <9.03374> not available
(Font)              Font shape `OT1/ppl/b/n' tried instead on input line 1039.
LaTeX Font Info:    Font shape `OT1/ppl/bx/it' in size <9.03374> not available
(Font)              Font shape `OT1/ppl/b/it' tried instead on input line 1039.

LaTeX Font Info:    Font shape `OT1/ppl/bx/n' in size <9.53561> not available
(Font)              Font shape `OT1/ppl/b/n' tried instead on input line 1039.
LaTeX Font Info:    Font shape `OT1/ppl/bx/it' in size <9.53561> not available
(Font)              Font shape `OT1/ppl/b/it' tried instead on input line 1039.

LaTeX Font Info:    Font shape `OT1/ppl/bx/n' in size <11.04124> not available
(Font)              Font shape `OT1/ppl/b/n' tried instead on input line 1039.
LaTeX Font Info:    Font shape `OT1/ppl/bx/it' in size <11.04124> not available

(Font)              Font shape `OT1/ppl/b/it' tried instead on input line 1039.

LaTeX Font Info:    Font shape `OT1/ppl/bx/n' in size <12.045> not available
(Font)              Font shape `OT1/ppl/b/n' tried instead on input line 1039.
LaTeX Font Info:    Font shape `OT1/ppl/bx/it' in size <12.045> not available
(Font)              Font shape `OT1/ppl/b/it' tried instead on input line 1039.

LaTeX Font Info:    Font shape `OT1/ppl/bx/n' in size <17.06374> not available
(Font)              Font shape `OT1/ppl/b/n' tried instead on input line 1039.
LaTeX Font Info:    Font shape `OT1/ppl/bx/it' in size <17.06374> not available

(Font)              Font shape `OT1/ppl/b/it' tried instead on input line 1039.

LaTeX Font Info:    Font shape `OT1/ppl/bx/n' in size <20.075> not available
(Font)              Font shape `OT1/ppl/b/n' tried instead on input line 1039.
LaTeX Font Info:    Font shape `OT1/ppl/bx/it' in size <20.075> not available
(Font)              Font shape `OT1/ppl/b/it' tried instead on input line 1039.

LaTeX Font Info:    Font shape `OT1/ppl/bx/n' in size <24.09> not available
(Font)              Font shape `OT1/ppl/b/n' tried instead on input line 1039.
LaTeX Font Info:    Font shape `OT1/ppl/bx/it' in size <24.09> not available
(Font)              Font shape `OT1/ppl/b/it' tried instead on input line 1039.

\IEEEquantizedlength=\dimen109
\IEEEquantizedlengthdiff=\dimen110
\IEEEquantizedtextheightdiff=\dimen111
\IEEEilabelindentA=\dimen112
\IEEEilabelindentB=\dimen113
\IEEEilabelindent=\dimen114
\IEEEelabelindent=\dimen115
\IEEEdlabelindent=\dimen116
\IEEElabelindent=\dimen117
\IEEEiednormlabelsep=\dimen118
\IEEEiedmathlabelsep=\dimen119
\IEEEiedtopsep=\skip41
\c@section=\count82
\c@subsection=\count83
\c@subsubsection=\count84
\c@paragraph=\count85
\c@IEEEsubequation=\count86
\abovecaptionskip=\skip42
\belowcaptionskip=\skip43
\c@figure=\count87
\c@table=\count88
\@IEEEeqnnumcols=\count89
\@IEEEeqncolcnt=\count90
\@IEEEsubeqnnumrollback=\count91
\@IEEEquantizeheightA=\dimen120
\@IEEEquantizeheightB=\dimen121
\@IEEEquantizeheightC=\dimen122
\@IEEEquantizeprevdepth=\dimen123
\@IEEEquantizemultiple=\count92
\@IEEEquantizeboxA=\box26
\@IEEEtmpitemindent=\dimen124
\c@IEEEbiography=\count93
\@IEEEtranrubishbin=\box27
) (./styles/algorithm.sty

LaTeX Warning: You have requested package `styles/algorithm',
               but the package provides `algorithm'.

Package: algorithm 2009/08/24 v0.1 Document Style `algorithm' - floating enviro
nment
(/usr/share/texlive/texmf-dist/tex/latex/float/float.sty
Package: float 2001/11/08 v1.3d Float enhancements (AL)
\c@float@type=\count94
\float@exts=\toks15
\float@box=\box28
\@float@everytoks=\toks16
\@floatcapt=\box29
)
(/usr/share/texlive/texmf-dist/tex/latex/base/ifthen.sty
Package: ifthen 2001/05/26 v1.1c Standard LaTeX ifthen package (DPC)
)
\@float@every@algorithm=\toks17
\c@algorithm=\count95
)
(./styles/algorithmic.sty

LaTeX Warning: You have requested package `styles/algorithmic',
               but the package provides `algorithmic'.

Package: algorithmic 2009/08/24 v0.1 Document Style `algorithmic'
(/usr/share/texlive/texmf-dist/tex/latex/graphics/keyval.sty
Package: keyval 1999/03/16 v1.13 key=value parser (DPC)
\KV@toks@=\toks18
)
\c@ALC@unique=\count96
\c@ALC@line=\count97
\c@ALC@rem=\count98
\c@ALC@depth=\count99
\ALC@tlm=\skip44
\algorithmicindent=\skip45
)
(/usr/share/texlive/texmf-dist/tex/latex/graphics/graphicx.sty
Package: graphicx 1999/02/16 v1.0f Enhanced LaTeX Graphics (DPC,SPQR)

(/usr/share/texlive/texmf-dist/tex/latex/graphics/graphics.sty
Package: graphics 2009/02/05 v1.0o Standard LaTeX Graphics (DPC,SPQR)

(/usr/share/texlive/texmf-dist/tex/latex/graphics/trig.sty
Package: trig 1999/03/16 v1.09 sin cos tan (DPC)
)
(/usr/share/texlive/texmf-dist/tex/latex/latexconfig/graphics.cfg
File: graphics.cfg 2010/04/23 v1.9 graphics configuration of TeX Live
)
Package graphics Info: Driver file: pdftex.def on input line 91.

(/usr/share/texlive/texmf-dist/tex/latex/pdftex-def/pdftex.def
File: pdftex.def 2011/05/27 v0.06d Graphics/color for pdfTeX

(/usr/share/texlive/texmf-dist/tex/generic/oberdiek/infwarerr.sty
Package: infwarerr 2010/04/08 v1.3 Providing info/warning/error messages (HO)
)
(/usr/share/texlive/texmf-dist/tex/generic/oberdiek/ltxcmds.sty
Package: ltxcmds 2011/11/09 v1.22 LaTeX kernel commands for general use (HO)
)
\Gread@gobject=\count100
))
\Gin@req@height=\dimen125
\Gin@req@width=\dimen126
)
(/usr/share/texlive/texmf-dist/tex/latex/graphics/color.sty
Package: color 2005/11/14 v1.0j Standard LaTeX Color (DPC)

(/usr/share/texlive/texmf-dist/tex/latex/latexconfig/color.cfg
File: color.cfg 2007/01/18 v1.5 color configuration of teTeX/TeXLive
)
Package color Info: Driver file: pdftex.def on input line 130.
)
(/usr/share/texlive/texmf-dist/tex/latex/listings/listings.sty
\lst@mode=\count101
\lst@gtempboxa=\box30
\lst@token=\toks19
\lst@length=\count102
\lst@currlwidth=\dimen127
\lst@column=\count103
\lst@pos=\count104
\lst@lostspace=\dimen128
\lst@width=\dimen129
\lst@newlines=\count105
\lst@lineno=\count106
\lst@maxwidth=\dimen130

(/usr/share/texlive/texmf-dist/tex/latex/listings/lstmisc.sty
File: lstmisc.sty 2013/08/26 1.5b (Carsten Heinz)
\c@lstnumber=\count107
\lst@skipnumbers=\count108
\lst@framebox=\box31
)
(/usr/share/texlive/texmf-dist/tex/latex/listings/listings.cfg
File: listings.cfg 2013/08/26 1.5b listings configuration
))
Package: listings 2013/08/26 1.5b (Carsten Heinz)

(/usr/share/texlive/texmf-dist/tex/latex/amsmath/amsmath.sty
Package: amsmath 2013/01/14 v2.14 AMS math features
\@mathmargin=\skip46

For additional information on amsmath, use the `?' option.
(/usr/share/texlive/texmf-dist/tex/latex/amsmath/amstext.sty
Package: amstext 2000/06/29 v2.01

(/usr/share/texlive/texmf-dist/tex/latex/amsmath/amsgen.sty
File: amsgen.sty 1999/11/30 v2.0
\@emptytoks=\toks20
\ex@=\dimen131
))
(/usr/share/texlive/texmf-dist/tex/latex/amsmath/amsbsy.sty
Package: amsbsy 1999/11/29 v1.2d
\pmbraise@=\dimen132
)
(/usr/share/texlive/texmf-dist/tex/latex/amsmath/amsopn.sty
Package: amsopn 1999/12/14 v2.01 operator names
)
\inf@bad=\count109
LaTeX Info: Redefining \frac on input line 210.
\uproot@=\count110
\leftroot@=\count111
LaTeX Info: Redefining \overline on input line 306.
\classnum@=\count112
\DOTSCASE@=\count113
LaTeX Info: Redefining \ldots on input line 378.
LaTeX Info: Redefining \dots on input line 381.
LaTeX Info: Redefining \cdots on input line 466.
\Mathstrutbox@=\box32
\strutbox@=\box33
\big@size=\dimen133
LaTeX Font Info:    Redeclaring font encoding OML on input line 566.
LaTeX Font Info:    Redeclaring font encoding OMS on input line 567.
\macc@depth=\count114
\c@MaxMatrixCols=\count115
\dotsspace@=\muskip10
\c@parentequation=\count116
\dspbrk@lvl=\count117
\tag@help=\toks21
\row@=\count118
\column@=\count119
\maxfields@=\count120
\andhelp@=\toks22
\eqnshift@=\dimen134
\alignsep@=\dimen135
\tagshift@=\dimen136
\tagwidth@=\dimen137
\totwidth@=\dimen138
\lineht@=\dimen139
\@envbody=\toks23
\multlinegap=\skip47
\multlinetaggap=\skip48
\mathdisplay@stack=\toks24
LaTeX Info: Redefining \[ on input line 2665.
LaTeX Info: Redefining \] on input line 2666.
)
(/usr/share/texlive/texmf-dist/tex/latex/base/inputenc.sty
Package: inputenc 2008/03/30 v1.1d Input encoding file
\inpenc@prehook=\toks25
\inpenc@posthook=\toks26

(/usr/share/texlive/texmf-dist/tex/latex/base/utf8.def
File: utf8.def 2008/04/05 v1.1m UTF-8 support for inputenc
Now handling font encoding OML ...
... no UTF-8 mapping file for font encoding OML
Now handling font encoding T1 ...
... processing UTF-8 mapping file for font encoding T1

(/usr/share/texlive/texmf-dist/tex/latex/base/t1enc.dfu
File: t1enc.dfu 2008/04/05 v1.1m UTF-8 support for inputenc
   defining Unicode char U+00A1 (decimal 161)
   defining Unicode char U+00A3 (decimal 163)
   defining Unicode char U+00AB (decimal 171)
   defining Unicode char U+00BB (decimal 187)
   defining Unicode char U+00BF (decimal 191)
   defining Unicode char U+00C0 (decimal 192)
   defining Unicode char U+00C1 (decimal 193)
   defining Unicode char U+00C2 (decimal 194)
   defining Unicode char U+00C3 (decimal 195)
   defining Unicode char U+00C4 (decimal 196)
   defining Unicode char U+00C5 (decimal 197)
   defining Unicode char U+00C6 (decimal 198)
   defining Unicode char U+00C7 (decimal 199)
   defining Unicode char U+00C8 (decimal 200)
   defining Unicode char U+00C9 (decimal 201)
   defining Unicode char U+00CA (decimal 202)
   defining Unicode char U+00CB (decimal 203)
   defining Unicode char U+00CC (decimal 204)
   defining Unicode char U+00CD (decimal 205)
   defining Unicode char U+00CE (decimal 206)
   defining Unicode char U+00CF (decimal 207)
   defining Unicode char U+00D0 (decimal 208)
   defining Unicode char U+00D1 (decimal 209)
   defining Unicode char U+00D2 (decimal 210)
   defining Unicode char U+00D3 (decimal 211)
   defining Unicode char U+00D4 (decimal 212)
   defining Unicode char U+00D5 (decimal 213)
   defining Unicode char U+00D6 (decimal 214)
   defining Unicode char U+00D8 (decimal 216)
   defining Unicode char U+00D9 (decimal 217)
   defining Unicode char U+00DA (decimal 218)
   defining Unicode char U+00DB (decimal 219)
   defining Unicode char U+00DC (decimal 220)
   defining Unicode char U+00DD (decimal 221)
   defining Unicode char U+00DE (decimal 222)
   defining Unicode char U+00DF (decimal 223)
   defining Unicode char U+00E0 (decimal 224)
   defining Unicode char U+00E1 (decimal 225)
   defining Unicode char U+00E2 (decimal 226)
   defining Unicode char U+00E3 (decimal 227)
   defining Unicode char U+00E4 (decimal 228)
   defining Unicode char U+00E5 (decimal 229)
   defining Unicode char U+00E6 (decimal 230)
   defining Unicode char U+00E7 (decimal 231)
   defining Unicode char U+00E8 (decimal 232)
   defining Unicode char U+00E9 (decimal 233)
   defining Unicode char U+00EA (decimal 234)
   defining Unicode char U+00EB (decimal 235)
   defining Unicode char U+00EC (decimal 236)
   defining Unicode char U+00ED (decimal 237)
   defining Unicode char U+00EE (decimal 238)
   defining Unicode char U+00EF (decimal 239)
   defining Unicode char U+00F0 (decimal 240)
   defining Unicode char U+00F1 (decimal 241)
   defining Unicode char U+00F2 (decimal 242)
   defining Unicode char U+00F3 (decimal 243)
   defining Unicode char U+00F4 (decimal 244)
   defining Unicode char U+00F5 (decimal 245)
   defining Unicode char U+00F6 (decimal 246)
   defining Unicode char U+00F8 (decimal 248)
   defining Unicode char U+00F9 (decimal 249)
   defining Unicode char U+00FA (decimal 250)
   defining Unicode char U+00FB (decimal 251)
   defining Unicode char U+00FC (decimal 252)
   defining Unicode char U+00FD (decimal 253)
   defining Unicode char U+00FE (decimal 254)
   defining Unicode char U+00FF (decimal 255)
   defining Unicode char U+0102 (decimal 258)
   defining Unicode char U+0103 (decimal 259)
   defining Unicode char U+0104 (decimal 260)
   defining Unicode char U+0105 (decimal 261)
   defining Unicode char U+0106 (decimal 262)
   defining Unicode char U+0107 (decimal 263)
   defining Unicode char U+010C (decimal 268)
   defining Unicode char U+010D (decimal 269)
   defining Unicode char U+010E (decimal 270)
   defining Unicode char U+010F (decimal 271)
   defining Unicode char U+0110 (decimal 272)
   defining Unicode char U+0111 (decimal 273)
   defining Unicode char U+0118 (decimal 280)
   defining Unicode char U+0119 (decimal 281)
   defining Unicode char U+011A (decimal 282)
   defining Unicode char U+011B (decimal 283)
   defining Unicode char U+011E (decimal 286)
   defining Unicode char U+011F (decimal 287)
   defining Unicode char U+0130 (decimal 304)
   defining Unicode char U+0131 (decimal 305)
   defining Unicode char U+0132 (decimal 306)
   defining Unicode char U+0133 (decimal 307)
   defining Unicode char U+0139 (decimal 313)
   defining Unicode char U+013A (decimal 314)
   defining Unicode char U+013D (decimal 317)
   defining Unicode char U+013E (decimal 318)
   defining Unicode char U+0141 (decimal 321)
   defining Unicode char U+0142 (decimal 322)
   defining Unicode char U+0143 (decimal 323)
   defining Unicode char U+0144 (decimal 324)
   defining Unicode char U+0147 (decimal 327)
   defining Unicode char U+0148 (decimal 328)
   defining Unicode char U+014A (decimal 330)
   defining Unicode char U+014B (decimal 331)
   defining Unicode char U+0150 (decimal 336)
   defining Unicode char U+0151 (decimal 337)
   defining Unicode char U+0152 (decimal 338)
   defining Unicode char U+0153 (decimal 339)
   defining Unicode char U+0154 (decimal 340)
   defining Unicode char U+0155 (decimal 341)
   defining Unicode char U+0158 (decimal 344)
   defining Unicode char U+0159 (decimal 345)
   defining Unicode char U+015A (decimal 346)
   defining Unicode char U+015B (decimal 347)
   defining Unicode char U+015E (decimal 350)
   defining Unicode char U+015F (decimal 351)
   defining Unicode char U+0160 (decimal 352)
   defining Unicode char U+0161 (decimal 353)
   defining Unicode char U+0162 (decimal 354)
   defining Unicode char U+0163 (decimal 355)
   defining Unicode char U+0164 (decimal 356)
   defining Unicode char U+0165 (decimal 357)
   defining Unicode char U+016E (decimal 366)
   defining Unicode char U+016F (decimal 367)
   defining Unicode char U+0170 (decimal 368)
   defining Unicode char U+0171 (decimal 369)
   defining Unicode char U+0178 (decimal 376)
   defining Unicode char U+0179 (decimal 377)
   defining Unicode char U+017A (decimal 378)
   defining Unicode char U+017B (decimal 379)
   defining Unicode char U+017C (decimal 380)
   defining Unicode char U+017D (decimal 381)
   defining Unicode char U+017E (decimal 382)
   defining Unicode char U+200C (decimal 8204)
   defining Unicode char U+2013 (decimal 8211)
   defining Unicode char U+2014 (decimal 8212)
   defining Unicode char U+2018 (decimal 8216)
   defining Unicode char U+2019 (decimal 8217)
   defining Unicode char U+201A (decimal 8218)
   defining Unicode char U+201C (decimal 8220)
   defining Unicode char U+201D (decimal 8221)
   defining Unicode char U+201E (decimal 8222)
   defining Unicode char U+2030 (decimal 8240)
   defining Unicode char U+2031 (decimal 8241)
   defining Unicode char U+2039 (decimal 8249)
   defining Unicode char U+203A (decimal 8250)
   defining Unicode char U+2423 (decimal 9251)
)
Now handling font encoding OT1 ...
... processing UTF-8 mapping file for font encoding OT1

(/usr/share/texlive/texmf-dist/tex/latex/base/ot1enc.dfu
File: ot1enc.dfu 2008/04/05 v1.1m UTF-8 support for inputenc
   defining Unicode char U+00A1 (decimal 161)
   defining Unicode char U+00A3 (decimal 163)
   defining Unicode char U+00B8 (decimal 184)
   defining Unicode char U+00BF (decimal 191)
   defining Unicode char U+00C5 (decimal 197)
   defining Unicode char U+00C6 (decimal 198)
   defining Unicode char U+00D8 (decimal 216)
   defining Unicode char U+00DF (decimal 223)
   defining Unicode char U+00E6 (decimal 230)
   defining Unicode char U+00EC (decimal 236)
   defining Unicode char U+00ED (decimal 237)
   defining Unicode char U+00EE (decimal 238)
   defining Unicode char U+00EF (decimal 239)
   defining Unicode char U+00F8 (decimal 248)
   defining Unicode char U+0131 (decimal 305)
   defining Unicode char U+0141 (decimal 321)
   defining Unicode char U+0142 (decimal 322)
   defining Unicode char U+0152 (decimal 338)
   defining Unicode char U+0153 (decimal 339)
   defining Unicode char U+2013 (decimal 8211)
   defining Unicode char U+2014 (decimal 8212)
   defining Unicode char U+2018 (decimal 8216)
   defining Unicode char U+2019 (decimal 8217)
   defining Unicode char U+201C (decimal 8220)
   defining Unicode char U+201D (decimal 8221)
)
Now handling font encoding OMS ...
... processing UTF-8 mapping file for font encoding OMS

(/usr/share/texlive/texmf-dist/tex/latex/base/omsenc.dfu
File: omsenc.dfu 2008/04/05 v1.1m UTF-8 support for inputenc
   defining Unicode char U+00A7 (decimal 167)
   defining Unicode char U+00B6 (decimal 182)
   defining Unicode char U+00B7 (decimal 183)
   defining Unicode char U+2020 (decimal 8224)
   defining Unicode char U+2021 (decimal 8225)
   defining Unicode char U+2022 (decimal 8226)
)
Now handling font encoding OMX ...
... no UTF-8 mapping file for font encoding OMX
Now handling font encoding U ...
... no UTF-8 mapping file for font encoding U
   defining Unicode char U+00A9 (decimal 169)
   defining Unicode char U+00AA (decimal 170)
   defining Unicode char U+00AE (decimal 174)
   defining Unicode char U+00BA (decimal 186)
   defining Unicode char U+02C6 (decimal 710)
   defining Unicode char U+02DC (decimal 732)
   defining Unicode char U+200C (decimal 8204)
   defining Unicode char U+2026 (decimal 8230)
   defining Unicode char U+2122 (decimal 8482)
   defining Unicode char U+2423 (decimal 9251)
))
(/usr/share/texlive/texmf-dist/tex/latex/base/fontenc.sty
Package: fontenc 2005/09/27 v1.99g Standard LaTeX package

(/usr/share/texlive/texmf-dist/tex/latex/base/t1enc.def
File: t1enc.def 2005/09/27 v1.99g Standard LaTeX file
LaTeX Font Info:    Redeclaring font encoding T1 on input line 43.
)
LaTeX Font Info:    Try loading font information for T1+ppl on input line 100.

(/usr/share/texlive/texmf-dist/tex/latex/psnfss/t1ppl.fd
File: t1ppl.fd 2001/06/04 font definitions for T1/ppl.
))
(/usr/share/texlive/texmf-dist/tex/latex/caption/caption.sty
Package: caption 2013/05/02 v3.3-89 Customizing captions (AR)

(/usr/share/texlive/texmf-dist/tex/latex/caption/caption3.sty
Package: caption3 2013/05/02 v1.6-88 caption3 kernel (AR)
Package caption3 Info: TeX engine: e-TeX on input line 57.
\captionmargin=\dimen140
\captionmargin@=\dimen141
\captionwidth=\dimen142
\caption@tempdima=\dimen143
\caption@indent=\dimen144
\caption@parindent=\dimen145
\caption@hangindent=\dimen146
Package caption Info: Unknown document class (or package),
(caption)             standard defaults will be used.
)

Package caption Warning: Unsupported document class (or package) detected,
(caption)                usage of the caption package is not recommended.
See the caption package documentation for explanation.

Package caption Info: \@makecaption = \long macro:#1#2->\ifx \@captype \@IEEEta
blestring \footnotesize \bgroup \par \centering \@IEEEtabletopskipstrut {\norma
lfont \sffamily \footnotesize #1}\\{\normalfont \sffamily \footnotesize #2}\par
 \addvspace {0.5\baselineskip }\egroup \@IEEEtablecaptionsepspace \else \@IEEEf
igurecaptionsepspace \setbox \@tempboxa \hbox {\normalfont \sffamily \footnotes
ize {#1.}\nobreakspace #2}\ifdim \wd \@tempboxa >\hsize \setbox \@tempboxa \hbo
x {\normalfont \sffamily \footnotesize {#1.}\nobreakspace }\parbox [t]{\hsize }
{\normalfont \sffamily \footnotesize \noindent \unhbox \@tempboxa #2}\else \hbo
x to\hsize {\normalfont \sffamily \footnotesize \box \@tempboxa \hfil }\fi \fi 
.
\c@ContinuedFloat=\count121
Package caption Info: float package is loaded.
Package caption Info: listings package is loaded.
) (/usr/share/texlive/texmf-dist/tex/latex/cite/cite.sty
LaTeX Info: Redefining \cite on input line 302.
LaTeX Info: Redefining \nocite on input line 373.
Package: cite 2010/09/10  v 5.3
) (./Ejemplo.aux)
\openout1 = `Ejemplo.aux'.

LaTeX Font Info:    Checking defaults for OML/cmm/m/it on input line 35.
LaTeX Font Info:    ... okay on input line 35.
LaTeX Font Info:    Checking defaults for T1/cmr/m/n on input line 35.
LaTeX Font Info:    ... okay on input line 35.
LaTeX Font Info:    Checking defaults for OT1/cmr/m/n on input line 35.
LaTeX Font Info:    ... okay on input line 35.
LaTeX Font Info:    Checking defaults for OMS/cmsy/m/n on input line 35.
LaTeX Font Info:    ... okay on input line 35.
LaTeX Font Info:    Checking defaults for OMX/cmex/m/n on input line 35.
LaTeX Font Info:    ... okay on input line 35.
LaTeX Font Info:    Checking defaults for U/cmr/m/n on input line 35.
LaTeX Font Info:    ... okay on input line 35.
LaTeX Font Info:    Font shape `T1/ppl/bx/n' in size <5.01874> not available
(Font)              Font shape `T1/ppl/b/n' tried instead on input line 35.
LaTeX Font Info:    Font shape `T1/ppl/bx/it' in size <5.01874> not available
(Font)              Font shape `T1/ppl/b/it' tried instead on input line 35.
LaTeX Font Info:    Font shape `T1/ppl/bx/n' in size <7.02625> not available
(Font)              Font shape `T1/ppl/b/n' tried instead on input line 35.
LaTeX Font Info:    Font shape `T1/ppl/bx/it' in size <7.02625> not available
(Font)              Font shape `T1/ppl/b/it' tried instead on input line 35.
LaTeX Font Info:    Font shape `T1/ppl/bx/n' in size <8.03> not available
(Font)              Font shape `T1/ppl/b/n' tried instead on input line 35.
LaTeX Font Info:    Font shape `T1/ppl/bx/it' in size <8.03> not available
(Font)              Font shape `T1/ppl/b/it' tried instead on input line 35.
LaTeX Font Info:    Font shape `T1/ppl/bx/n' in size <9.03374> not available
(Font)              Font shape `T1/ppl/b/n' tried instead on input line 35.
LaTeX Font Info:    Font shape `T1/ppl/bx/it' in size <9.03374> not available
(Font)              Font shape `T1/ppl/b/it' tried instead on input line 35.
LaTeX Font Info:    Font shape `T1/ppl/bx/n' in size <9.53561> not available
(Font)              Font shape `T1/ppl/b/n' tried instead on input line 35.
LaTeX Font Info:    Font shape `T1/ppl/bx/it' in size <9.53561> not available
(Font)              Font shape `T1/ppl/b/it' tried instead on input line 35.
LaTeX Font Info:    Font shape `T1/ppl/bx/n' in size <11.04124> not available
(Font)              Font shape `T1/ppl/b/n' tried instead on input line 35.
LaTeX Font Info:    Font shape `T1/ppl/bx/it' in size <11.04124> not available
(Font)              Font shape `T1/ppl/b/it' tried instead on input line 35.
LaTeX Font Info:    Font shape `T1/ppl/bx/n' in size <12.045> not available
(Font)              Font shape `T1/ppl/b/n' tried instead on input line 35.
LaTeX Font Info:    Font shape `T1/ppl/bx/it' in size <12.045> not available
(Font)              Font shape `T1/ppl/b/it' tried instead on input line 35.
LaTeX Font Info:    Font shape `T1/ppl/bx/n' in size <17.06374> not available
(Font)              Font shape `T1/ppl/b/n' tried instead on input line 35.
LaTeX Font Info:    Font shape `T1/ppl/bx/it' in size <17.06374> not available
(Font)              Font shape `T1/ppl/b/it' tried instead on input line 35.
LaTeX Font Info:    Font shape `T1/ppl/bx/n' in size <20.075> not available
(Font)              Font shape `T1/ppl/b/n' tried instead on input line 35.
LaTeX Font Info:    Font shape `T1/ppl/bx/it' in size <20.075> not available
(Font)              Font shape `T1/ppl/b/it' tried instead on input line 35.
LaTeX Font Info:    Font shape `T1/ppl/bx/n' in size <24.09> not available
(Font)              Font shape `T1/ppl/b/n' tried instead on input line 35.
LaTeX Font Info:    Font shape `T1/ppl/bx/it' in size <24.09> not available
(Font)              Font shape `T1/ppl/b/it' tried instead on input line 35.

-- Lines per column: 61 (exact).
(/usr/share/texlive/texmf-dist/tex/context/base/supp-pdf.mkii
[Loading MPS to PDF converter (version 2006.09.02).]
\scratchcounter=\count122
\scratchdimen=\dimen147
\scratchbox=\box34
\nofMPsegments=\count123
\nofMParguments=\count124
\everyMPshowfont=\toks27
\MPscratchCnt=\count125
\MPscratchDim=\dimen148
\MPnumerator=\count126
\makeMPintoPDFobject=\count127
\everyMPtoPDFconversion=\toks28
) (/usr/share/texlive/texmf-dist/tex/generic/oberdiek/pdftexcmds.sty
Package: pdftexcmds 2011/11/29 v0.20 Utility functions of pdfTeX for LuaTeX (HO
)

(/usr/share/texlive/texmf-dist/tex/generic/oberdiek/ifluatex.sty
Package: ifluatex 2010/03/01 v1.3 Provides the ifluatex switch (HO)
Package ifluatex Info: LuaTeX not detected.
)
(/usr/share/texlive/texmf-dist/tex/generic/oberdiek/ifpdf.sty
Package: ifpdf 2011/01/30 v2.3 Provides the ifpdf switch (HO)
Package ifpdf Info: pdfTeX in PDF mode is detected.
)
Package pdftexcmds Info: LuaTeX not detected.
Package pdftexcmds Info: \pdf@primitive is available.
Package pdftexcmds Info: \pdf@ifprimitive is available.
Package pdftexcmds Info: \pdfdraftmode found.
)
(/usr/share/texlive/texmf-dist/tex/latex/oberdiek/epstopdf-base.sty
Package: epstopdf-base 2010/02/09 v2.5 Base part for package epstopdf

(/usr/share/texlive/texmf-dist/tex/latex/oberdiek/grfext.sty
Package: grfext 2010/08/19 v1.1 Manage graphics extensions (HO)

(/usr/share/texlive/texmf-dist/tex/generic/oberdiek/kvdefinekeys.sty
Package: kvdefinekeys 2011/04/07 v1.3 Define keys (HO)
))
(/usr/share/texlive/texmf-dist/tex/latex/oberdiek/kvoptions.sty
Package: kvoptions 2011/06/30 v3.11 Key value format for package options (HO)

(/usr/share/texlive/texmf-dist/tex/generic/oberdiek/kvsetkeys.sty
Package: kvsetkeys 2012/04/25 v1.16 Key value parser (HO)

(/usr/share/texlive/texmf-dist/tex/generic/oberdiek/etexcmds.sty
Package: etexcmds 2011/02/16 v1.5 Avoid name clashes with e-TeX commands (HO)
Package etexcmds Info: Could not find \expanded.
(etexcmds)             That can mean that you are not using pdfTeX 1.50 or
(etexcmds)             that some package has redefined \expanded.
(etexcmds)             In the latter case, load this package earlier.
)))
Package grfext Info: Graphics extension search list:
(grfext)             [.png,.pdf,.jpg,.mps,.jpeg,.jbig2,.jb2,.PNG,.PDF,.JPG,.JPE
G,.JBIG2,.JB2,.eps]
(grfext)             \AppendGraphicsExtensions on input line 452.

(/usr/share/texlive/texmf-dist/tex/latex/latexconfig/epstopdf-sys.cfg
File: epstopdf-sys.cfg 2010/07/13 v1.3 Configuration of (r)epstopdf for TeX Liv
e
))
\c@lstlisting=\count128
Package caption Info: Begin \AtBeginDocument code.
Package caption Info: End \AtBeginDocument code.
LaTeX Font Info:    Try loading font information for T1+phv on input line 38.

(/usr/share/texlive/texmf-dist/tex/latex/psnfss/t1phv.fd
File: t1phv.fd 2001/06/04 scalable font definitions for T1/phv.
)
LaTeX Font Info:    Font shape `T1/phv/bx/n' in size <8.03> not available
(Font)              Font shape `T1/phv/b/n' tried instead on input line 38.
LaTeX Font Info:    Calculating math sizes for size <11.04124> on input line 38
.
LaTeX Font Info:    Try loading font information for U+pzd on input line 38.

(/usr/share/texlive/texmf-dist/tex/latex/psnfss/upzd.fd
File: upzd.fd 2001/06/04 font definitions for U/pzd.
)
LaTeX Font Info:    Font shape `T1/phv/bx/n' in size <11.04124> not available
(Font)              Font shape `T1/phv/b/n' tried instead on input line 44.
LaTeX Font Info:    Font shape `T1/phv/bx/sc' in size <11.04124> not available
(Font)              Font shape `T1/phv/b/sc' tried instead on input line 44.

Underfull \hbox (badness 1412) in paragraph at lines 46--47
\T1/ppl/m/n/9.53561 meme es un bloque de conocimiento que puede ser
 []


Underfull \hbox (badness 2698) in paragraph at lines 46--47
\T1/ppl/m/n/9.53561 de un co-mu-nidad, al-gunos memes sen-cil-la-mente no
 []


Underfull \hbox (badness 4647) in paragraph at lines 46--47
\T1/ppl/m/n/9.53561 Tam-bién pueden ex-per-i-men-tar lig-eras mod-i-fi-ca-cione
s
 []


Underfull \hbox (badness 10000) in paragraph at lines 46--47

 []


Underfull \hbox (badness 10000) in paragraph at lines 48--49

 []


Underfull \hbox (badness 1629) in paragraph at lines 53--54
\T1/ppl/m/n/9.53561 El Al-go-ritmo Memético Es-tán-dar se com-pone de los
 []


Underfull \hbox (badness 10000) in paragraph at lines 53--54

 []

<alg1.png, id=1, 518.6878pt x 392.21532pt>
File: alg1.png Graphic file (type png)
 <use alg1.png>
Package pdftex.def Info: alg1.png used on input line 66.
(pdftex.def)             Requested size: 207.17084pt x 156.65591pt.
LaTeX Font Info:    Calculating math sizes for size <9.53561> on input line 70.


Underfull \hbox (badness 2671) in paragraph at lines 70--71
[]\T1/ppl/m/n/9.53561 El pro-ced-imiento de Ini-cial-ización, de-scrito en el
 []


Underfull \hbox (badness 10000) in paragraph at lines 70--71

 []

<alg2.png, id=3, 603.0028pt x 347.04657pt>
File: alg2.png Graphic file (type png)
 <use alg2.png>
Package pdftex.def Info: alg2.png used on input line 74.
(pdftex.def)             Requested size: 243.43007pt x 140.09767pt.

Underfull \hbox (badness 10000) in paragraph at lines 78--79

 []

<alg3.png, id=4, 535.2497pt x 429.10312pt>
File: alg3.png Graphic file (type png)
 <use alg3.png>
Package pdftex.def Info: alg3.png used on input line 82.
(pdftex.def)             Requested size: 207.17084pt x 166.08586pt.
 [1{/var/lib/texmf/fonts/map/pdftex/updmap/pdftex.map}


 <./alg1.png> <./alg2.png>]
Underfull \hbox (badness 10000) in paragraph at lines 86--87

 []


Underfull \hbox (badness 10000) in paragraph at lines 88--89

 []

<ls.png, id=19, 468.24937pt x 284.56313pt>
File: ls.png Graphic file (type png)
 <use ls.png>
Package pdftex.def Info: ls.png used on input line 92.
(pdftex.def)             Requested size: 181.2804pt x 110.16719pt.

Underfull \hbox (badness 2753) in paragraph at lines 96--97
[]\T1/ppl/m/n/9.53561 Despues de re-alizar una se-rie de op-er-adores, la
 []


Underfull \hbox (badness 10000) in paragraph at lines 96--97

 []


Underfull \hbox (badness 10000) in paragraph at lines 99--100

 []


Underfull \hbox (badness 10000) in paragraph at lines 100--101
[]\T1/ppl/m/n/9.53561 Estrategia Comma: Las mejores $\OML/cmm/m/it/10 popsize$
 []


Underfull \hbox (badness 2735) in paragraph at lines 100--101
\T1/ppl/m/n/9.53561 para in-cre-men-tar la pre-sión de se-lec-ción del
 []


Underfull \hbox (badness 10000) in paragraph at lines 100--101

 []


Underfull \hbox (badness 10000) in paragraph at lines 103--104

 []

<alg4.png, id=20, 587.94656pt x 435.87843pt>
File: alg4.png Graphic file (type png)
 <use alg4.png>
Package pdftex.def Info: alg4.png used on input line 107.
(pdftex.def)             Requested size: 233.06917pt x 172.78531pt.
LaTeX Font Info:    Font shape `T1/phv/bx/n' in size <9.53561> not available
(Font)              Font shape `T1/phv/b/n' tried instead on input line 122.

Underfull \hbox (badness 10000) in paragraph at lines 124--125

 []

<mecha.png, id=21, 794.2172pt x 614.295pt>
File: mecha.png Graphic file (type png)
 <use mecha.png>
Package pdftex.def Info: mecha.png used on input line 128.
(pdftex.def)             Requested size: 233.06917pt x 180.26874pt.
 [2 <./alg3.png> <./ls.png> <./alg4.png> <./mecha.png>]
Underfull \hbox (badness 3746) in paragraph at lines 169--170
[]\T1/ppl/m/n/9.53561 Sumando y apli-cando iden-ti-dades trigonométri-cas
 []


Overfull \hbox (6.14326pt too wide) detected at line 170
\OML/cmm/m/it/10 r[] \OT1/cmr/m/n/10 = \OML/cmm/m/it/10 r[] \OT1/cmr/m/n/10 + \
OML/cmm/m/it/10 r[] \OT1/cmr/m/n/10 + \OML/cmm/m/it/10 r[] \OT1/cmr/m/n/10 + 2\
OML/cmm/m/it/10 r[]r[] []\OT1/cmr/m/n/10 (\OML/cmm/m/it/10 ^^R[] \OMS/cmsy/m/n/
10 ^^@ \OML/cmm/m/it/10 ^^R[]\OT1/cmr/m/n/10 ) \OMS/cmsy/m/n/10 ^^@ \OT1/cmr/m/
n/10 2\OML/cmm/m/it/10 r[]r[] [] ^^R[] \OMS/cmsy/m/n/10 ^^@ \OT1/cmr/m/n/10 2\O
ML/cmm/m/it/10 r[]r[] [] ^^R[]
 []

LaTeX Font Info:    Calculating math sizes for size <8.03> on input line 188.

Underfull \hbox (badness 10000) in paragraph at lines 203--204

 []


Underfull \hbox (badness 10000) in paragraph at lines 205--206

 []

<grashof.png, id=33, 697.8572pt x 486.31688pt>
File: grashof.png Graphic file (type png)
 <use grashof.png>
Package pdftex.def Info: grashof.png used on input line 215.
(pdftex.def)             Requested size: 207.17084pt x 144.36754pt.

Underfull \hbox (badness 10000) in paragraph at lines 229--230

 []


Underfull \hbox (badness 10000) in paragraph at lines 231--235

 []


Underfull \hbox (badness 3492) in paragraph at lines 236--237
\T1/ppl/m/n/9.53561 pe-nal-izan la fun-ción ob-je-tivo cuando se vi-olan las
 []


Underfull \hbox (badness 10000) in paragraph at lines 236--237

 []

<tabla.png, id=34, 824.32968pt x 289.83281pt>
File: tabla.png Graphic file (type png)
 <use tabla.png>
Package pdftex.def Info: tabla.png used on input line 242.
(pdftex.def)             Requested size: 517.935pt x 182.10474pt.

<tabla2.png, id=35, 824.32968pt x 320.69812pt>
File: tabla2.png Graphic file (type png)
 <use tabla2.png>
Package pdftex.def Info: tabla2.png used on input line 248.
(pdftex.def)             Requested size: 517.935pt x 201.4977pt.
LaTeX Font Info:    Font shape `T1/phv/m/it' in size <9.53561> not available
(Font)              Font shape `T1/phv/m/sl' tried instead on input line 252.

Underfull \hbox (badness 10000) in paragraph at lines 254--255

 []


Underfull \hbox (badness 1596) in paragraph at lines 256--257
[]\T1/ppl/m/n/9.53561 La gen-eración de es-tos de-scen-di-entes in-volu-cra la
 []


Underfull \hbox (badness 1874) in paragraph at lines 256--257
\T1/ppl/m/n/9.53561 de-nom-i-nado \T1/ppl/m/it/9.53561 Dy-nas-ti-cally Op-ti-ma
l Re-com-bi-na-tion \T1/ppl/m/n/9.53561 (DOR),
 []


Underfull \hbox (badness 2326) in paragraph at lines 256--257
\T1/ppl/m/n/9.53561 en el cual cada re-com-bi-nación posi-ble es ex-plo-rada
 []


Underfull \hbox (badness 1735) in paragraph at lines 256--257
\T1/ppl/m/n/9.53561 para en-con-trar la con-fig-u-ración con mejor fit-ness, la

 []


Underfull \hbox (badness 10000) in paragraph at lines 256--257

 []

[3 <./grashof.png>]
Underfull \hbox (badness 2368) in paragraph at lines 258--259
[]\T1/ppl/m/n/9.53561 Además, es-ta-mos con-siderando una re-com-bi-nación
 []


Underfull \hbox (badness 3333) in paragraph at lines 258--259
\T1/ppl/m/n/9.53561 los con-jun-tos $\OMS/cmsy/m/n/10 f\OML/cmm/m/it/10 r[]; r[
]; r[]; r[]\OMS/cmsy/m/n/10 g$\T1/ppl/m/n/9.53561 , $\OMS/cmsy/m/n/10 f\OML/cmm
/m/it/10 r[]; r[]\OMS/cmsy/m/n/10 g$\T1/ppl/m/n/9.53561 , $\OMS/cmsy/m/n/10 f\O
ML/cmm/m/it/10 x[]; y[]; ^^R[]\OMS/cmsy/m/n/10 g$ \T1/ppl/m/n/9.53561 y
 []


Underfull \hbox (badness 10000) in paragraph at lines 258--259

 []


Underfull \vbox (badness 10000) has occurred while \output is active []


Underfull \hbox (badness 10000) in paragraph at lines 263--265

 []

<fitness1.png, id=48, 492.33937pt x 267.24844pt>
File: fitness1.png Graphic file (type png)
 <use fitness1.png>
Package pdftex.def Info: fitness1.png used on input line 268.
(pdftex.def)             Requested size: 233.06917pt x 126.51207pt.

<diversity1.png, id=49, 633.86812pt x 328.22626pt>
File: diversity1.png Graphic file (type png)
 <use diversity1.png>
Package pdftex.def Info: diversity1.png used on input line 274.
(pdftex.def)             Requested size: 233.06917pt x 120.68555pt.

<fitness2.png, id=50, 488.57532pt x 267.24844pt>
File: fitness2.png Graphic file (type png)
 <use fitness2.png>
Package pdftex.def Info: fitness2.png used on input line 280.
(pdftex.def)             Requested size: 233.06917pt x 127.49075pt.

<diversity2.png, id=51, 496.85625pt x 286.82156pt>
File: diversity2.png Graphic file (type png)
 <use diversity2.png>
Package pdftex.def Info: diversity2.png used on input line 286.
(pdftex.def)             Requested size: 233.06917pt x 134.54355pt.

Underfull \hbox (badness 1603) in paragraph at lines 297--298
\T1/ppl/m/n/9.53561 La Tabla 1 mues-tra los mejores re-sul-ta-dos obtenidos
 []


Underfull \hbox (badness 10000) in paragraph at lines 297--298

 []


Underfull \hbox (badness 10000) in paragraph at lines 300--305

 []

[4 <./tabla.png> <./tabla2.png>]
Underfull \hbox (badness 2245) in paragraph at lines 311--312
[]\T1/ppl/m/n/9.53561 Se im-ple-mentó un es-quema adap-ta-tivo en la
 []

<tablita.png, id=57, 225.84375pt x 160.34906pt>
File: tablita.png Graphic file (type png)
 <use tablita.png>
Package pdftex.def Info: tablita.png used on input line 322.
(pdftex.def)             Requested size: 103.58542pt x 73.54614pt.

Underfull \hbox (badness 10000) in paragraph at lines 329--330

 []

[5 <./fitness1.png (PNG copy)> <./diversity1.png (PNG copy)> <./fitness2.png (P
NG copy)> <./diversity2.png (PNG copy)> <./tablita.png>]
Underfull \hbox (badness 10000) in paragraph at lines 335--336

 []

<screen1.png, id=62, 896.34875pt x 156.585pt>
File: screen1.png Graphic file (type png)
 <use screen1.png>
Package pdftex.def Info: screen1.png used on input line 343.
(pdftex.def)             Requested size: 258.9675pt x 45.23885pt.

Overfull \hbox (6.0225pt too wide) in paragraph at lines 343--344
 [][] 
 []

<screen2.png, id=63, 896.34875pt x 210.7875pt>
File: screen2.png Graphic file (type png)
 <use screen2.png>
Package pdftex.def Info: screen2.png used on input line 352.
(pdftex.def)             Requested size: 258.9675pt x 60.89844pt.

Overfull \hbox (6.0225pt too wide) in paragraph at lines 352--353
 [][] 
 []

<simulacion.png, id=64, 367.3725pt x 289.83281pt>
File: simulacion.png Graphic file (type png)
 <use simulacion.png>
Package pdftex.def Info: simulacion.png used on input line 358.
(pdftex.def)             Requested size: 258.9675pt x 204.3233pt.

Overfull \hbox (6.0225pt too wide) in paragraph at lines 358--359
 [][] 
 []


Underfull \vbox (badness 3219) has occurred while \output is active []

 [6 <./screen1.png> <./screen2.png> <./simulacion.png>] (./Ejemplo.aux) ) 
Here is how much of TeX's memory you used:
 6341 strings out of 493304
 94919 string characters out of 6139872
 169696 words of memory out of 5000000
 9681 multiletter control sequences out of 15000+600000
 100015 words of font info for 144 fonts, out of 8000000 for 9000
 957 hyphenation exceptions out of 8191
 38i,8n,38p,738b,364s stack positions out of 5000i,500n,10000p,200000b,80000s
{/usr/
share/texlive/texmf-dist/fonts/enc/dvips/base/8r.enc}</usr/share/texlive/texmf-
dist/fonts/type1/public/amsfonts/cm/cmex10.pfb></usr/share/texlive/texmf-dist/f
onts/type1/public/amsfonts/cm/cmmi10.pfb></usr/share/texlive/texmf-dist/fonts/t
ype1/public/amsfonts/cm/cmmi7.pfb></usr/share/texlive/texmf-dist/fonts/type1/pu
blic/amsfonts/cm/cmmi8.pfb></usr/share/texlive/texmf-dist/fonts/type1/public/am
sfonts/cm/cmr10.pfb></usr/share/texlive/texmf-dist/fonts/type1/public/amsfonts/
cm/cmr5.pfb></usr/share/texlive/texmf-dist/fonts/type1/public/amsfonts/cm/cmr6.
pfb></usr/share/texlive/texmf-dist/fonts/type1/public/amsfonts/cm/cmr7.pfb></us
r/share/texlive/texmf-dist/fonts/type1/public/amsfonts/cm/cmr8.pfb></usr/share/
texlive/texmf-dist/fonts/type1/public/amsfonts/cm/cmsy10.pfb></usr/share/texliv
e/texmf-dist/fonts/type1/public/amsfonts/cm/cmsy7.pfb></usr/share/texlive/texmf
-dist/fonts/type1/public/amsfonts/cm/cmsy8.pfb></usr/share/texlive/texmf-dist/f
onts/type1/urw/helvetic/uhvb8a.pfb></usr/share/texlive/texmf-dist/fonts/type1/u
rw/helvetic/uhvr8a.pfb></usr/share/texlive/texmf-dist/fonts/type1/urw/helvetic/
uhvro8a.pfb></usr/share/texlive/texmf-dist/fonts/type1/urw/palatino/uplb8a.pfb>
</usr/share/texlive/texmf-dist/fonts/type1/urw/palatino/uplr8a.pfb></usr/share/
texlive/texmf-dist/fonts/type1/urw/palatino/uplri8a.pfb></usr/share/texlive/tex
mf-dist/fonts/type1/urw/zapfding/uzdr.pfb>
Output written on Ejemplo.pdf (6 pages, 1195178 bytes).
PDF statistics:
 131 PDF objects out of 1000 (max. 8388607)
 73 compressed objects within 1 object stream
 0 named destinations out of 1000 (max. 500000)
 86 words of extra memory for PDF output out of 10000 (max. 10000000)

